<?xml version="1.0" encoding="UTF-8"?>
<!-- Generated by org.testng.reporters.JUnitReportReporter -->
<testsuite skipped="0" hostname="DESKTOP-I838HQ9" name="com.testyantra.scripts.AccountTest" tests="1" failures="0" timestamp="2020-06-09T10:56:10 IST" time="15.188" errors="0">
  <testcase name="tc_01" time="15.188" classname="com.testyantra.scripts.AccountTest"/>
  <system-out/>
</testsuite> <!-- com.testyantra.scripts.AccountTest -->
