<?xml version="1.0" encoding="UTF-8"?>
<!-- Generated by org.testng.reporters.JUnitReportReporter -->
<testsuite skipped="0" hostname="DESKTOP-I838HQ9" name="com.testyantra.parallelscripts.CompatabilityTesting" tests="2" failures="0" timestamp="2020-06-11T13:05:49 IST" time="32.633" errors="0">
  <testcase name="tc_01" time="15.655" classname="com.testyantra.parallelscripts.CompatabilityTesting"/>
  <system-out/>
  <testcase name="tc_01" time="16.978" classname="com.testyantra.parallelscripts.CompatabilityTesting"/>
  <system-out/>
</testsuite> <!-- com.testyantra.parallelscripts.CompatabilityTesting -->
