<?xml version="1.0" encoding="UTF-8"?>
<!-- Generated by org.testng.reporters.JUnitReportReporter -->
<testsuite skipped="0" hostname="DESKTOP-I838HQ9" name="com.testyantra.scripts.WebTables" tests="1" failures="0" timestamp="2020-06-19T13:07:53 IST" time="14.738" errors="0">
  <testcase name="tc_01" time="14.738" classname="com.testyantra.scripts.WebTables"/>
  <system-out/>
</testsuite> <!-- com.testyantra.scripts.WebTables -->
