<?xml version="1.0" encoding="UTF-8"?>
<!-- Generated by org.testng.reporters.JUnitReportReporter -->
<testsuite skipped="0" hostname="DESKTOP-I838HQ9" name="com.testyantra.rough.UrbanLadder" tests="1" failures="0" timestamp="2020-06-17T23:33:09 IST" time="91.072" errors="0">
  <testcase name="urbanLadderTest" time="91.072" classname="com.testyantra.rough.UrbanLadder"/>
  <system-out/>
</testsuite> <!-- com.testyantra.rough.UrbanLadder -->
