<?xml version="1.0" encoding="UTF-8"?>
<!-- Generated by org.testng.reporters.JUnitReportReporter -->
<testsuite skipped="0" hostname="DESKTOP-I838HQ9" name="com.testyantra.parallelscripts.ParallelExecutionDemo3" tests="2" failures="0" timestamp="2020-06-11T12:23:08 IST" time="34.047" errors="0">
  <testcase name="tc_04" time="16.126" classname="com.testyantra.parallelscripts.ParallelExecutionDemo3"/>
  <system-out/>
  <testcase name="tc_03" time="17.921" classname="com.testyantra.parallelscripts.ParallelExecutionDemo3"/>
  <system-out/>
</testsuite> <!-- com.testyantra.parallelscripts.ParallelExecutionDemo3 -->
