<?xml version="1.0" encoding="UTF-8"?>
<!-- Generated by org.testng.reporters.JUnitReportReporter -->
<testsuite skipped="0" hostname="DESKTOP-I838HQ9" name="com.testyantra.parallelscripts.ParametersDemo" tests="1" failures="0" timestamp="2020-06-11T12:49:23 IST" time="19.956" errors="0">
  <testcase name="tc_01" time="19.956" classname="com.testyantra.parallelscripts.ParametersDemo"/>
  <system-out/>
</testsuite> <!-- com.testyantra.parallelscripts.ParametersDemo -->
