<?xml version="1.0" encoding="UTF-8"?>
<!-- Generated by org.testng.reporters.JUnitReportReporter -->
<testsuite skipped="0" hostname="DESKTOP-I838HQ9" name="com.testyantra.scripts.UrbanLadderHomePageTest" tests="1" failures="0" timestamp="2020-06-10T12:51:18 IST" time="29.318" errors="0">
  <testcase name="tc_verifyMenuItems" time="29.318" classname="com.testyantra.scripts.UrbanLadderHomePageTest"/>
  <system-out>
Launching the Browser Loading the AUT Closing the Welcome-Pop Up window Verifying the Tile of the page Verifying the Menu Items Closing the Browser  </system-out>
</testsuite> <!-- com.testyantra.scripts.UrbanLadderHomePageTest -->
