<?xml version="1.0" encoding="UTF-8"?>
<!-- Generated by org.testng.reporters.JUnitReportReporter -->
<testsuite skipped="0" hostname="DESKTOP-I838HQ9" name="com.testyantra.rough.ActitimeDemoTest" tests="1" failures="0" timestamp="2020-06-10T13:15:00 IST" time="19.548" errors="0">
  <testcase name="tc_01" time="19.548" classname="com.testyantra.rough.ActitimeDemoTest"/>
  <system-out/>
</testsuite> <!-- com.testyantra.rough.ActitimeDemoTest -->
