<?xml version="1.0" encoding="UTF-8"?>
<!-- Generated by org.testng.reporters.JUnitReportReporter -->
<testsuite skipped="0" hostname="DESKTOP-I838HQ9" name="com.testyantra.scripts.UrbanLadderMenuItems" tests="1" failures="0" timestamp="2020-06-19T11:14:29 IST" time="59.591" errors="0">
  <testcase name="tc_verifyMenuItems" time="59.591" classname="com.testyantra.scripts.UrbanLadderMenuItems"/>
  <system-out/>
</testsuite> <!-- com.testyantra.scripts.UrbanLadderMenuItems -->
