<?xml version="1.0" encoding="UTF-8"?>
<!-- Generated by org.testng.reporters.JUnitReportReporter -->
<testsuite skipped="0" hostname="DESKTOP-I838HQ9" name="com.testyantra.scripts.ActiTimeAccountTest" tests="1" failures="0" timestamp="2020-06-09T12:07:49 IST" time="33.683" errors="0">
  <testcase name="tc_01" time="33.683" classname="com.testyantra.scripts.ActiTimeAccountTest"/>
  <system-out/>
</testsuite> <!-- com.testyantra.scripts.ActiTimeAccountTest -->
