<?xml version="1.0" encoding="UTF-8"?>
<!-- Generated by org.testng.reporters.JUnitReportReporter -->
<testsuite skipped="0" hostname="DESKTOP-I838HQ9" name="com.testyantra.scripts.BrokenLinksTest" tests="1" failures="0" timestamp="2020-06-18T12:35:43 IST" time="8.745" errors="0">
  <testcase name="tc_01" time="8.745" classname="com.testyantra.scripts.BrokenLinksTest"/>
  <system-out/>
</testsuite> <!-- com.testyantra.scripts.BrokenLinksTest -->
