<?xml version="1.0" encoding="UTF-8"?>
<!-- Generated by org.testng.reporters.JUnitReportReporter -->
<testsuite skipped="0" hostname="DESKTOP-I838HQ9" name="com.testyantra.parallelscripts.ParallelExecutionDemo2" tests="2" failures="0" timestamp="2020-06-11T12:17:17 IST" time="34.232" errors="0">
  <testcase name="tc_03" time="17.751" classname="com.testyantra.parallelscripts.ParallelExecutionDemo2"/>
  <system-out/>
  <testcase name="tc_04" time="16.481" classname="com.testyantra.parallelscripts.ParallelExecutionDemo2"/>
  <system-out/>
</testsuite> <!-- com.testyantra.parallelscripts.ParallelExecutionDemo2 -->
