<?xml version="1.0" encoding="UTF-8"?>
<!-- Generated by org.testng.reporters.JUnitReportReporter -->
<testsuite skipped="0" hostname="DESKTOP-I838HQ9" name="com.testyantra.scripts.AnnotationsDemo1" tests="1" failures="0" timestamp="2020-06-12T12:34:48 IST" time="0.008" errors="0">
  <testcase name="tc_01" time="0.008" classname="com.testyantra.scripts.AnnotationsDemo1"/>
  <system-out/>
</testsuite> <!-- com.testyantra.scripts.AnnotationsDemo1 -->
