<?xml version="1.0" encoding="UTF-8"?>
<!-- Generated by org.testng.reporters.JUnitReportReporter -->
<testsuite skipped="0" hostname="DESKTOP-I838HQ9" name="com.testyantra.scripts.BrokenLinksTest2" tests="1" failures="0" timestamp="2020-06-18T12:40:59 IST" time="13.974" errors="0">
  <testcase name="tc_01" time="13.974" classname="com.testyantra.scripts.BrokenLinksTest2"/>
  <system-out/>
</testsuite> <!-- com.testyantra.scripts.BrokenLinksTest2 -->
