<?xml version="1.0" encoding="UTF-8"?>
<!-- Generated by org.testng.reporters.JUnitReportReporter -->
<testsuite skipped="0" hostname="DESKTOP-I838HQ9" name="com.testyantra.parallelscripts.ParallelExecutionDemo1" tests="4" failures="0" timestamp="2020-06-11T12:25:50 IST" time="63.840" errors="0">
  <testcase name="tc_02" time="9.438" classname="com.testyantra.parallelscripts.ParallelExecutionDemo1"/>
  <system-out/>
  <testcase name="tc_01" time="23.001" classname="com.testyantra.parallelscripts.ParallelExecutionDemo1"/>
  <system-out/>
  <testcase name="tc_01" time="21.656" classname="com.testyantra.parallelscripts.ParallelExecutionDemo1"/>
  <system-out/>
  <testcase name="tc_02" time="9.745" classname="com.testyantra.parallelscripts.ParallelExecutionDemo1"/>
  <system-out/>
</testsuite> <!-- com.testyantra.parallelscripts.ParallelExecutionDemo1 -->
